# Pin wandb to 0.20.1 for paper-tag compatibility
2026-06-16T19:10:13+08:00
Collecting wandb==0.20.1
  Downloading wandb-0.20.1-py3-none-manylinux_2_17_x86_64.manylinux2014_x86_64.whl.metadata (10 kB)
Requirement already satisfied: click!=8.0.0,>=7.1 in /mnt/20t/xuxin/mech_interp_comparison/env/vpd_py313/lib/python3.13/site-packages (from wandb==0.20.1) (8.4.1)
Requirement already satisfied: gitpython!=3.1.29,>=1.0.0 in /mnt/20t/xuxin/mech_interp_comparison/env/vpd_py313/lib/python3.13/site-packages (from wandb==0.20.1) (3.1.50)
Requirement already satisfied: packaging in /mnt/20t/xuxin/mech_interp_comparison/env/vpd_py313/lib/python3.13/site-packages (from wandb==0.20.1) (26.2)
Requirement already satisfied: platformdirs in /mnt/20t/xuxin/mech_interp_comparison/env/vpd_py313/lib/python3.13/site-packages (from wandb==0.20.1) (4.10.0)
Collecting protobuf!=4.21.0,!=5.28.0,<7,>=3.19.0 (from wandb==0.20.1)
  Downloading protobuf-6.33.6-cp39-abi3-manylinux2014_x86_64.whl.metadata (593 bytes)
Requirement already satisfied: psutil>=5.0.0 in /mnt/20t/xuxin/mech_interp_comparison/env/vpd_py313/lib/python3.13/site-packages (from wandb==0.20.1) (7.2.2)
Requirement already satisfied: pydantic<3 in /mnt/20t/xuxin/mech_interp_comparison/env/vpd_py313/lib/python3.13/site-packages (from wandb==0.20.1) (2.11.10)
Requirement already satisfied: pyyaml in /mnt/20t/xuxin/mech_interp_comparison/env/vpd_py313/lib/python3.13/site-packages (from wandb==0.20.1) (6.0.3)
Requirement already satisfied: requests<3,>=2.0.0 in /mnt/20t/xuxin/mech_interp_comparison/env/vpd_py313/lib/python3.13/site-packages (from wandb==0.20.1) (2.34.2)
Requirement already satisfied: sentry-sdk>=2.0.0 in /mnt/20t/xuxin/mech_interp_comparison/env/vpd_py313/lib/python3.13/site-packages (from wandb==0.20.1) (2.62.0)
Collecting setproctitle (from wandb==0.20.1)
  Downloading setproctitle-1.3.7-cp313-cp313-manylinux1_x86_64.manylinux_2_28_x86_64.manylinux_2_5_x86_64.whl.metadata (10 kB)
Requirement already satisfied: typing-extensions<5,>=4.8 in /mnt/20t/xuxin/mech_interp_comparison/env/vpd_py313/lib/python3.13/site-packages (from wandb==0.20.1) (4.15.0)
Requirement already satisfied: annotated-types>=0.6.0 in /mnt/20t/xuxin/mech_interp_comparison/env/vpd_py313/lib/python3.13/site-packages (from pydantic<3->wandb==0.20.1) (0.7.0)
Requirement already satisfied: pydantic-core==2.33.2 in /mnt/20t/xuxin/mech_interp_comparison/env/vpd_py313/lib/python3.13/site-packages (from pydantic<3->wandb==0.20.1) (2.33.2)
Requirement already satisfied: typing-inspection>=0.4.0 in /mnt/20t/xuxin/mech_interp_comparison/env/vpd_py313/lib/python3.13/site-packages (from pydantic<3->wandb==0.20.1) (0.4.2)
Requirement already satisfied: charset_normalizer<4,>=2 in /mnt/20t/xuxin/mech_interp_comparison/env/vpd_py313/lib/python3.13/site-packages (from requests<3,>=2.0.0->wandb==0.20.1) (3.4.7)
Requirement already satisfied: idna<4,>=2.5 in /mnt/20t/xuxin/mech_interp_comparison/env/vpd_py313/lib/python3.13/site-packages (from requests<3,>=2.0.0->wandb==0.20.1) (3.18)
Requirement already satisfied: urllib3<3,>=1.26 in /mnt/20t/xuxin/mech_interp_comparison/env/vpd_py313/lib/python3.13/site-packages (from requests<3,>=2.0.0->wandb==0.20.1) (2.7.0)
Requirement already satisfied: certifi>=2023.5.7 in /mnt/20t/xuxin/mech_interp_comparison/env/vpd_py313/lib/python3.13/site-packages (from requests<3,>=2.0.0->wandb==0.20.1) (2026.5.20)
Requirement already satisfied: gitdb<5,>=4.0.1 in /mnt/20t/xuxin/mech_interp_comparison/env/vpd_py313/lib/python3.13/site-packages (from gitpython!=3.1.29,>=1.0.0->wandb==0.20.1) (4.0.12)
Requirement already satisfied: smmap<6,>=3.0.1 in /mnt/20t/xuxin/mech_interp_comparison/env/vpd_py313/lib/python3.13/site-packages (from gitdb<5,>=4.0.1->gitpython!=3.1.29,>=1.0.0->wandb==0.20.1) (5.0.3)
Downloading wandb-0.20.1-py3-none-manylinux_2_17_x86_64.manylinux2014_x86_64.whl (23.2 MB)
   ━━━━━━━━━━━━━━━━━━━━━━━━━━━━━━━━━━━━━━━━ 23.2/23.2 MB 20.9 MB/s  0:00:01
Downloading protobuf-6.33.6-cp39-abi3-manylinux2014_x86_64.whl (323 kB)
Downloading setproctitle-1.3.7-cp313-cp313-manylinux1_x86_64.manylinux_2_28_x86_64.manylinux_2_5_x86_64.whl (33 kB)
Installing collected packages: setproctitle, protobuf, wandb
  Attempting uninstall: protobuf
    Found existing installation: protobuf 7.35.1
    Uninstalling protobuf-7.35.1:
      Successfully uninstalled protobuf-7.35.1
  Attempting uninstall: wandb
    Found existing installation: wandb 0.27.2
    Uninstalling wandb-0.27.2:
      Successfully uninstalled wandb-0.27.2

Successfully installed protobuf-6.33.6 setproctitle-1.3.7 wandb-0.20.1
wandb 0.20.1 /mnt/20t/xuxin/mech_interp_comparison/env/vpd_py313/lib/python3.13/site-packages/wandb/__init__.py
wandb_gql spec ModuleSpec(name='wandb_gql', loader=<_frozen_importlib_external.SourceFileLoader object at 0x7da777c20170>, origin='/mnt/20t/xuxin/mech_interp_comparison/env/vpd_py313/lib/python3.13/site-packages/wandb/vendor/gql-0.2.0/wandb_gql/__init__.py', submodule_search_locations=['/mnt/20t/xuxin/mech_interp_comparison/env/vpd_py313/lib/python3.13/site-packages/wandb/vendor/gql-0.2.0/wandb_gql'])
