# Pin huggingface_hub for transformers compatibility
2026-06-16T18:55:21+08:00
Collecting huggingface_hub<1.0,>=0.34.0
  Downloading huggingface_hub-0.36.2-py3-none-any.whl.metadata (15 kB)
Requirement already satisfied: filelock in /mnt/20t/xuxin/mech_interp_comparison/env/vpd_py313/lib/python3.13/site-packages (from huggingface_hub<1.0,>=0.34.0) (3.29.4)
Requirement already satisfied: fsspec>=2023.5.0 in /mnt/20t/xuxin/mech_interp_comparison/env/vpd_py313/lib/python3.13/site-packages (from huggingface_hub<1.0,>=0.34.0) (2026.4.0)
Requirement already satisfied: hf-xet<2.0.0,>=1.1.3 in /mnt/20t/xuxin/mech_interp_comparison/env/vpd_py313/lib/python3.13/site-packages (from huggingface_hub<1.0,>=0.34.0) (1.5.1)
Requirement already satisfied: packaging>=20.9 in /mnt/20t/xuxin/mech_interp_comparison/env/vpd_py313/lib/python3.13/site-packages (from huggingface_hub<1.0,>=0.34.0) (26.2)
Requirement already satisfied: pyyaml>=5.1 in /mnt/20t/xuxin/mech_interp_comparison/env/vpd_py313/lib/python3.13/site-packages (from huggingface_hub<1.0,>=0.34.0) (6.0.3)
Requirement already satisfied: requests in /mnt/20t/xuxin/mech_interp_comparison/env/vpd_py313/lib/python3.13/site-packages (from huggingface_hub<1.0,>=0.34.0) (2.34.2)
Requirement already satisfied: tqdm>=4.42.1 in /mnt/20t/xuxin/mech_interp_comparison/env/vpd_py313/lib/python3.13/site-packages (from huggingface_hub<1.0,>=0.34.0) (4.68.2)
Requirement already satisfied: typing-extensions>=3.7.4.3 in /mnt/20t/xuxin/mech_interp_comparison/env/vpd_py313/lib/python3.13/site-packages (from huggingface_hub<1.0,>=0.34.0) (4.15.0)
Requirement already satisfied: charset_normalizer<4,>=2 in /mnt/20t/xuxin/mech_interp_comparison/env/vpd_py313/lib/python3.13/site-packages (from requests->huggingface_hub<1.0,>=0.34.0) (3.4.7)
Requirement already satisfied: idna<4,>=2.5 in /mnt/20t/xuxin/mech_interp_comparison/env/vpd_py313/lib/python3.13/site-packages (from requests->huggingface_hub<1.0,>=0.34.0) (3.18)
Requirement already satisfied: urllib3<3,>=1.26 in /mnt/20t/xuxin/mech_interp_comparison/env/vpd_py313/lib/python3.13/site-packages (from requests->huggingface_hub<1.0,>=0.34.0) (2.7.0)
Requirement already satisfied: certifi>=2023.5.7 in /mnt/20t/xuxin/mech_interp_comparison/env/vpd_py313/lib/python3.13/site-packages (from requests->huggingface_hub<1.0,>=0.34.0) (2026.5.20)
Downloading huggingface_hub-0.36.2-py3-none-any.whl (566 kB)
   ━━━━━━━━━━━━━━━━━━━━━━━━━━━━━━━━━━━━━━━━ 566.4/566.4 kB 2.1 MB/s  0:00:00
Installing collected packages: huggingface_hub
  Attempting uninstall: huggingface_hub
    Found existing installation: huggingface_hub 1.19.0
    Uninstalling huggingface_hub-1.19.0:
      Successfully uninstalled huggingface_hub-1.19.0
ERROR: pip's dependency resolver does not currently take into account all the packages that are installed. This behaviour is the source of the following dependency conflicts.
transformers 5.12.1 requires huggingface-hub<2.0,>=1.5.0, but you have huggingface-hub 0.36.2 which is incompatible.
Successfully installed huggingface_hub-0.36.2
huggingface_hub 0.36.2 True
