# Pin transformers to 4.x for param-decomp compatibility
2026-06-16T18:55:49+08:00
Collecting transformers<5,>=4.45.0
  Downloading transformers-4.57.6-py3-none-any.whl.metadata (43 kB)
Requirement already satisfied: huggingface_hub<1.0,>=0.34.0 in /mnt/20t/xuxin/mech_interp_comparison/env/vpd_py313/lib/python3.13/site-packages (0.36.2)
Requirement already satisfied: filelock in /mnt/20t/xuxin/mech_interp_comparison/env/vpd_py313/lib/python3.13/site-packages (from transformers<5,>=4.45.0) (3.29.4)
Requirement already satisfied: numpy>=1.17 in /mnt/20t/xuxin/mech_interp_comparison/env/vpd_py313/lib/python3.13/site-packages (from transformers<5,>=4.45.0) (2.4.6)
Requirement already satisfied: packaging>=20.0 in /mnt/20t/xuxin/mech_interp_comparison/env/vpd_py313/lib/python3.13/site-packages (from transformers<5,>=4.45.0) (26.2)
Requirement already satisfied: pyyaml>=5.1 in /mnt/20t/xuxin/mech_interp_comparison/env/vpd_py313/lib/python3.13/site-packages (from transformers<5,>=4.45.0) (6.0.3)
Requirement already satisfied: regex!=2019.12.17 in /mnt/20t/xuxin/mech_interp_comparison/env/vpd_py313/lib/python3.13/site-packages (from transformers<5,>=4.45.0) (2026.5.9)
Requirement already satisfied: requests in /mnt/20t/xuxin/mech_interp_comparison/env/vpd_py313/lib/python3.13/site-packages (from transformers<5,>=4.45.0) (2.34.2)
Requirement already satisfied: tokenizers<=0.23.0,>=0.22.0 in /mnt/20t/xuxin/mech_interp_comparison/env/vpd_py313/lib/python3.13/site-packages (from transformers<5,>=4.45.0) (0.22.2)
Requirement already satisfied: safetensors>=0.4.3 in /mnt/20t/xuxin/mech_interp_comparison/env/vpd_py313/lib/python3.13/site-packages (from transformers<5,>=4.45.0) (0.8.0)
Requirement already satisfied: tqdm>=4.27 in /mnt/20t/xuxin/mech_interp_comparison/env/vpd_py313/lib/python3.13/site-packages (from transformers<5,>=4.45.0) (4.68.2)
Requirement already satisfied: fsspec>=2023.5.0 in /mnt/20t/xuxin/mech_interp_comparison/env/vpd_py313/lib/python3.13/site-packages (from huggingface_hub<1.0,>=0.34.0) (2026.4.0)
Requirement already satisfied: hf-xet<2.0.0,>=1.1.3 in /mnt/20t/xuxin/mech_interp_comparison/env/vpd_py313/lib/python3.13/site-packages (from huggingface_hub<1.0,>=0.34.0) (1.5.1)
Requirement already satisfied: typing-extensions>=3.7.4.3 in /mnt/20t/xuxin/mech_interp_comparison/env/vpd_py313/lib/python3.13/site-packages (from huggingface_hub<1.0,>=0.34.0) (4.15.0)
Requirement already satisfied: charset_normalizer<4,>=2 in /mnt/20t/xuxin/mech_interp_comparison/env/vpd_py313/lib/python3.13/site-packages (from requests->transformers<5,>=4.45.0) (3.4.7)
Requirement already satisfied: idna<4,>=2.5 in /mnt/20t/xuxin/mech_interp_comparison/env/vpd_py313/lib/python3.13/site-packages (from requests->transformers<5,>=4.45.0) (3.18)
Requirement already satisfied: urllib3<3,>=1.26 in /mnt/20t/xuxin/mech_interp_comparison/env/vpd_py313/lib/python3.13/site-packages (from requests->transformers<5,>=4.45.0) (2.7.0)
Requirement already satisfied: certifi>=2023.5.7 in /mnt/20t/xuxin/mech_interp_comparison/env/vpd_py313/lib/python3.13/site-packages (from requests->transformers<5,>=4.45.0) (2026.5.20)
Downloading transformers-4.57.6-py3-none-any.whl (12.0 MB)
   ━━━━━━━━━━━━━━━━━━━━━━━━━━━━━━━━━━━━━━━━ 12.0/12.0 MB 13.8 MB/s  0:00:01
Installing collected packages: transformers
  Attempting uninstall: transformers
    Found existing installation: transformers 5.12.1
    Uninstalling transformers-5.12.1:
      Successfully uninstalled transformers-5.12.1
Successfully installed transformers-4.57.6
/mnt/20t/xuxin/mech_interp_comparison/env/vpd_py313/lib/python3.13/site-packages/transformers/utils/hub.py:110: FutureWarning: Using `TRANSFORMERS_CACHE` is deprecated and will be removed in v5 of Transformers. Use `HF_HOME` instead.
  warnings.warn(
transformers 4.57.6
huggingface_hub 0.36.2 True
