# Public W&B file API range probe
2026-06-16T18:59:24+08:00
\n## https://api.wandb.ai/files/goodfire/spd/s-55ea3f9b/final_config.yaml
HTTP/1.1 200 Connection established

HTTP/2 307 
content-type: text/html; charset=utf-8
location: https://storage.googleapis.com/wandb-production.appspot.com/goodfire/spd/s-55ea3f9b/final_config.yaml?X-Goog-Algorithm=GOOG4-RSA-SHA256&X-Goog-Credential=gorilla-files-url-signer%40wandb-production.iam.gserviceaccount.com%2F20260616%2Fauto%2Fstorage%2Fgoog4_request&X-Goog-Date=20260616T105925Z&X-Goog-Expires=3599&X-Goog-Signature=27bcb9377cd80eee341691777bf5b72b1d5d637bdd01a326585f9fe250e82ddb282bebdfc441560d97c9c417141c48fb117ad13f7a394cdd5e3e383828366de9876a465baaf0a57553f7f1aa3ba1e754e42de23b89694dafceabebb0b8e92bb449a25f9995b960ed5124ab55ae64a7c57161a03033cbbac3de6504d33667df98496ab86ece0d4ff235ccb62c7fbddd81bfa58a60f346f34ac1aff6208581d484c55d47f59c5f28840d8c296c8b63efb1c70167972f48396b8434e068725962ae69bb778a1eba849d9dc6f15aa7238d3c0bd453ca02edd98ab616270d4aa00a5750ab9109a7db8c77b42661aae17746fd2a8fb62a2e177f1eaa2e518e501d1ffa&X-Goog-SignedHeaders=host&X-User=wandb&response-content-type=application%2Fx-yaml
vary: Origin
x-wandb-trace-id: 7048e9ad4896eae2694e6745db51230b
date: Tue, 16 Jun 2026 10:59:25 GMT
content-length: 990
via: 1.1 google
alt-svc: h3=":443"; ma=2592000

HTTP/1.1 200 Connection established

HTTP/2 206 
content-type: application/x-yaml
x-guploader-uploadid: AJ5rDhEasuexffC90ZgDDnClLfx-Lr_fm3eQLwL4_UVaTXrxO1S9RvG7WqcP71FPR96rbHDvYdo6ER4
expires: Tue, 16 Jun 2026 10:59:27 GMT
date: Tue, 16 Jun 2026 10:59:27 GMT
cache-control: private, max-age=0
last-modified: Wed, 25 Feb 2026 15:20:55 GMT
etag: "6a1d1d5a5a1e83a351668d83eee6e5a5"
x-goog-generation: 1772032855473279
x-goog-metageneration: 3
x-goog-stored-content-encoding: identity
x-goog-stored-content-length: 3087
x-goog-hash: crc32c=69kdKg==
x-goog-hash: md5=ah0dWloeg6NRZo2D7ublpQ==
x-goog-storage-class: COLDLINE
accept-ranges: bytes
content-range: bytes 0-0/3087
content-length: 1
access-control-allow-origin: *
access-control-expose-headers: Content-Type
access-control-expose-headers: x-goog-acl
server: UploadServer
alt-svc: h3=":443"; ma=2592000,h3-29=":443"; ma=2592000

body_bytes=1
w
\n## https://api.wandb.ai/files/goodfire/spd/s-55ea3f9b/model_400000.pt
HTTP/1.1 200 Connection established

HTTP/2 404 
content-type: application/json; charset=utf-8
vary: Origin
x-content-type-options: nosniff
x-wandb-trace-id: 2ec34dc41205e33f97d2b3060ddff15a
date: Tue, 16 Jun 2026 10:59:27 GMT
content-length: 76
via: 1.1 google
alt-svc: h3=":443"; ma=2592000,h3-29=":443"; ma=2592000

body_bytes=76
{"error":"file s-55ea3f9b/model_400000.pt not found while downloading file"}
